Using pre-set license
Built from '2022.2/staging' branch; Version is '2022.2.6f1 (10bfa6201ced) revision 1097638'; Using compiler version '192829333'; Build Type 'Release'
OS: 'Windows 10  (10.0.19045) 64bit CoreCountrySpecific' Language: 'zh' Physical Memory: 32506 MB
BatchMode: 1, IsHumanControllingUs: 0, StartBugReporterOnCrash: 0, Is64bit: 1, IsPro: 1

COMMAND LINE ARGUMENTS:
C:\Program Files\Unity\Hub\Editor\2022.2.6f1\Editor\Unity.exe
-adb2
-batchMode
-noUpm
-name
AssetImportWorker3
-projectPath
C:/Users/asus/Desktop/My project
-logFile
Logs/AssetImportWorker3.log
-srvPort
<<<<<<< HEAD:Logs/AssetImportWorker3-prev.log
<<<<<<< HEAD:Logs/AssetImportWorker3-prev.log
54595
=======
55084
>>>>>>> Feature-Visual:Logs/AssetImportWorker1.log
=======
56587
>>>>>>> Feature-Visual:Logs/AssetImportWorker1.log
Successfully changed project path to: C:/Users/asus/Desktop/My project
C:/Users/asus/Desktop/My project
[UnityMemory] Configuration Parameters - Can be set up in boot.config
    "memorysetup-bucket-allocator-granularity=16"
    "memorysetup-bucket-allocator-bucket-count=8"
    "memorysetup-bucket-allocator-block-size=33554432"
    "memorysetup-bucket-allocator-block-count=8"
    "memorysetup-main-allocator-block-size=16777216"
    "memorysetup-thread-allocator-block-size=16777216"
    "memorysetup-gfx-main-allocator-block-size=16777216"
    "memorysetup-gfx-thread-allocator-block-size=16777216"
    "memorysetup-cache-allocator-block-size=4194304"
    "memorysetup-typetree-allocator-block-size=2097152"
    "memorysetup-profiler-bucket-allocator-granularity=16"
    "memorysetup-profiler-bucket-allocator-bucket-count=8"
    "memorysetup-profiler-bucket-allocator-block-size=33554432"
    "memorysetup-profiler-bucket-allocator-block-count=8"
    "memorysetup-profiler-allocator-block-size=16777216"
    "memorysetup-profiler-editor-allocator-block-size=1048576"
    "memorysetup-temp-allocator-size-main=16777216"
    "memorysetup-job-temp-allocator-block-size=2097152"
    "memorysetup-job-temp-allocator-block-size-background=1048576"
    "memorysetup-job-temp-allocator-reduction-small-platforms=262144"
    "memorysetup-temp-allocator-size-background-worker=32768"
    "memorysetup-temp-allocator-size-job-worker=262144"
    "memorysetup-temp-allocator-size-preload-manager=33554432"
    "memorysetup-temp-allocator-size-nav-mesh-worker=65536"
    "memorysetup-temp-allocator-size-audio-worker=65536"
    "memorysetup-temp-allocator-size-cloud-worker=32768"
    "memorysetup-temp-allocator-size-gi-baking-worker=262144"
    "memorysetup-temp-allocator-size-gfx=262144"
<<<<<<< HEAD:Logs/AssetImportWorker3-prev.log
<<<<<<< HEAD:Logs/AssetImportWorker3-prev.log
Player connection [15580] Host "[IP] 192.168.56.1 [Port] 0 [Flags] 2 [Guid] 1391389995 [EditorId] 1391389995 [Version] 1048832 [Id] WindowsEditor(7,LAPTOP-1C1JVLPV) [Debug] 1 [PackageName] WindowsEditor [ProjectName] Editor" joined multi-casting on [225.0.0.222:54997]...

Player connection [15580] Host "[IP] 192.168.56.1 [Port] 0 [Flags] 2 [Guid] 1391389995 [EditorId] 1391389995 [Version] 1048832 [Id] WindowsEditor(7,LAPTOP-1C1JVLPV) [Debug] 1 [PackageName] WindowsEditor [ProjectName] Editor" joined alternative multi-casting on [225.0.0.222:34997]...

Refreshing native plugins compatible for Editor in 16.75 ms, found 4 plugins.
=======
Player connection [20848] Host "[IP] 192.168.56.1 [Port] 0 [Flags] 2 [Guid] 469518693 [EditorId] 469518693 [Version] 1048832 [Id] WindowsEditor(7,LAPTOP-1C1JVLPV) [Debug] 1 [PackageName] WindowsEditor [ProjectName] Editor" joined multi-casting on [225.0.0.222:54997]...
=======
Player connection [12424] Host "[IP] 192.168.56.1 [Port] 0 [Flags] 2 [Guid] 3384778840 [EditorId] 3384778840 [Version] 1048832 [Id] WindowsEditor(7,LAPTOP-1C1JVLPV) [Debug] 1 [PackageName] WindowsEditor [ProjectName] Editor" joined multi-casting on [225.0.0.222:54997]...
>>>>>>> Feature-Visual:Logs/AssetImportWorker1.log

Player connection [12424] Host "[IP] 192.168.56.1 [Port] 0 [Flags] 2 [Guid] 3384778840 [EditorId] 3384778840 [Version] 1048832 [Id] WindowsEditor(7,LAPTOP-1C1JVLPV) [Debug] 1 [PackageName] WindowsEditor [ProjectName] Editor" joined alternative multi-casting on [225.0.0.222:34997]...

<<<<<<< HEAD:Logs/AssetImportWorker3-prev.log
Refreshing native plugins compatible for Editor in 16.89 ms, found 4 plugins.
>>>>>>> Feature-Visual:Logs/AssetImportWorker1.log
=======
Refreshing native plugins compatible for Editor in 20.22 ms, found 4 plugins.
>>>>>>> Feature-Visual:Logs/AssetImportWorker1.log
Preloading 0 native plugins for Editor in 0.00 ms.
Initialize engine version: 2022.2.6f1 (10bfa6201ced)
[Subsystems] Discovering subsystems at path C:/Program Files/Unity/Hub/Editor/2022.2.6f1/Editor/Data/Resources/UnitySubsystems
[Subsystems] Discovering subsystems at path C:/Users/asus/Desktop/My project/Assets
GfxDevice: creating device client; threaded=0; jobified=0
Direct3D:
    Version:  Direct3D 11.0 [level 11.1]
    Renderer: NVIDIA GeForce RTX 3060 Laptop GPU (ID=0x2520)
    Vendor:   NVIDIA
    VRAM:     6023 MB
    Driver:   31.0.15.1720
Initialize mono
Mono path[0] = 'C:/Program Files/Unity/Hub/Editor/2022.2.6f1/Editor/Data/Managed'
Mono path[1] = 'C:/Program Files/Unity/Hub/Editor/2022.2.6f1/Editor/Data/MonoBleedingEdge/lib/mono/unityjit-win32'
Mono config path = 'C:/Program Files/Unity/Hub/Editor/2022.2.6f1/Editor/Data/MonoBleedingEdge/etc'
Using monoOptions --debugger-agent=transport=dt_socket,embedding=1,server=y,suspend=n,address=127.0.0.1:56128
Begin MonoManager ReloadAssembly
Registering precompiled unity dll's ...
Register platform support module: C:/Program Files/Unity/Hub/Editor/2022.2.6f1/Editor/Data/PlaybackEngines/WindowsStandaloneSupport/UnityEditor.WindowsStandalone.Extensions.dll
<<<<<<< HEAD:Logs/AssetImportWorker3-prev.log
<<<<<<< HEAD:Logs/AssetImportWorker3-prev.log
Registered in 0.005574 seconds.
- Loaded All Assemblies, in  0.239 seconds
Native extension for WindowsStandalone target not found
Mono: successfully reloaded assembly
- Finished resetting the current domain, in  0.205 seconds
Domain Reload Profiling:
	ReloadAssembly (142ms)
		BeginReloadAssembly (55ms)
=======
Registered in 0.005129 seconds.
- Loaded All Assemblies, in  0.240 seconds
=======
Registered in 0.006938 seconds.
- Loaded All Assemblies, in  0.250 seconds
>>>>>>> Feature-Visual:Logs/AssetImportWorker1.log
Native extension for WindowsStandalone target not found
Mono: successfully reloaded assembly
- Finished resetting the current domain, in  0.215 seconds
Domain Reload Profiling:
<<<<<<< HEAD:Logs/AssetImportWorker3-prev.log
	ReloadAssembly (138ms)
		BeginReloadAssembly (52ms)
>>>>>>> Feature-Visual:Logs/AssetImportWorker1.log
=======
	ReloadAssembly (149ms)
		BeginReloadAssembly (57ms)
>>>>>>> Feature-Visual:Logs/AssetImportWorker1.log
			ExecutionOrderSort (0ms)
			DisableScriptedObjects (0ms)
			BackupInstance (0ms)
			ReleaseScriptingObjects (0ms)
			CreateAndSetChildDomain (1ms)
		LoadAllAssembliesAndSetupDomain (0ms)
<<<<<<< HEAD:Logs/AssetImportWorker3-prev.log
<<<<<<< HEAD:Logs/AssetImportWorker3-prev.log
			LoadAssemblies (53ms)
			RebuildTransferFunctionScriptingTraits (0ms)
			SetupTypeCache (92ms)
				TypeCache.Initialize (91ms)
					TypeCache.ScanAssembly (90ms)
=======
			LoadAssemblies (50ms)
			RebuildTransferFunctionScriptingTraits (0ms)
			SetupTypeCache (97ms)
				TypeCache.Initialize (97ms)
					TypeCache.ScanAssembly (95ms)
>>>>>>> Feature-Visual:Logs/AssetImportWorker1.log
=======
			LoadAssemblies (55ms)
			RebuildTransferFunctionScriptingTraits (0ms)
			SetupTypeCache (95ms)
				TypeCache.Initialize (94ms)
					TypeCache.ScanAssembly (93ms)
>>>>>>> Feature-Visual:Logs/AssetImportWorker1.log
				ResolveRequiredComponents (0ms)
		FinalizeReload (0ms)
			ReleaseScriptCaches (0ms)
			RebuildScriptCaches (0ms)
<<<<<<< HEAD:Logs/AssetImportWorker3-prev.log
<<<<<<< HEAD:Logs/AssetImportWorker3-prev.log
			SetupLoadedEditorAssemblies (160ms)
=======
			SetupLoadedEditorAssemblies (177ms)
>>>>>>> Feature-Visual:Logs/AssetImportWorker1.log
=======
			SetupLoadedEditorAssemblies (169ms)
>>>>>>> Feature-Visual:Logs/AssetImportWorker1.log
				LogAssemblyErrors (0ms)
				InitializePlatformSupportModulesInManaged (7ms)
				SetLoadedEditorAssemblies (6ms)
				RefreshPlugins (0ms)
				BeforeProcessingInitializeOnLoad (1ms)
<<<<<<< HEAD:Logs/AssetImportWorker3-prev.log
<<<<<<< HEAD:Logs/AssetImportWorker3-prev.log
				ProcessInitializeOnLoadAttributes (102ms)
				ProcessInitializeOnLoadMethodAttributes (44ms)
=======
				ProcessInitializeOnLoadAttributes (116ms)
=======
				ProcessInitializeOnLoadAttributes (109ms)
>>>>>>> Feature-Visual:Logs/AssetImportWorker1.log
				ProcessInitializeOnLoadMethodAttributes (45ms)
>>>>>>> Feature-Visual:Logs/AssetImportWorker1.log
				AfterProcessingInitializeOnLoad (0ms)
				EditorAssembliesLoaded (0ms)
			ExecutionOrderSort2 (0ms)
			AwakeInstancesAfterBackupRestoration (0ms)
========================================================================
Worker process is ready to serve import requests
Begin MonoManager ReloadAssembly
Symbol file LoadedFromMemory doesn't match image C:\Users\asus\Desktop\My project\Library\PackageCache\com.unity.visualscripting@1.8.0\Editor\VisualScripting.Core\Dependencies\YamlDotNet\Unity.VisualScripting.YamlDotNet.dll
Symbol file LoadedFromMemory doesn't match image C:\Users\asus\Desktop\My project\Library\PackageCache\com.unity.visualscripting@1.8.0\Editor\VisualScripting.Core\Dependencies\DotNetZip\Unity.VisualScripting.IonicZip.dll
<<<<<<< HEAD:Logs/AssetImportWorker3-prev.log
<<<<<<< HEAD:Logs/AssetImportWorker3-prev.log
- Loaded All Assemblies, in  0.770 seconds
Refreshing native plugins compatible for Editor in 12.14 ms, found 4 plugins.
=======
- Loaded All Assemblies, in  0.812 seconds
Refreshing native plugins compatible for Editor in 11.78 ms, found 4 plugins.
>>>>>>> Feature-Visual:Logs/AssetImportWorker1.log
=======
- Loaded All Assemblies, in  0.809 seconds
Refreshing native plugins compatible for Editor in 12.46 ms, found 4 plugins.
>>>>>>> Feature-Visual:Logs/AssetImportWorker1.log
Native extension for WindowsStandalone target not found
Mono: successfully reloaded assembly
- Finished resetting the current domain, in  0.532 seconds
Domain Reload Profiling:
<<<<<<< HEAD:Logs/AssetImportWorker3-prev.log
	ReloadAssembly (166ms)
<<<<<<< HEAD:Logs/AssetImportWorker3-prev.log
		BeginReloadAssembly (87ms)
=======
		BeginReloadAssembly (90ms)
>>>>>>> Feature-Visual:Logs/AssetImportWorker1.log
=======
	ReloadAssembly (176ms)
		BeginReloadAssembly (96ms)
>>>>>>> Feature-Visual:Logs/AssetImportWorker1.log
			ExecutionOrderSort (0ms)
			DisableScriptedObjects (4ms)
			BackupInstance (0ms)
			ReleaseScriptingObjects (0ms)
<<<<<<< HEAD:Logs/AssetImportWorker3-prev.log
			CreateAndSetChildDomain (18ms)
		LoadAllAssembliesAndSetupDomain (601ms)
			LoadAssemblies (226ms)
			RebuildTransferFunctionScriptingTraits (0ms)
			SetupTypeCache (409ms)
				TypeCache.Initialize (212ms)
					TypeCache.ScanAssembly (208ms)
=======
			CreateAndSetChildDomain (19ms)
		LoadAllAssembliesAndSetupDomain (630ms)
			LoadAssemblies (234ms)
			RebuildTransferFunctionScriptingTraits (0ms)
<<<<<<< HEAD:Logs/AssetImportWorker3-prev.log
			SetupTypeCache (446ms)
				TypeCache.Initialize (217ms)
					TypeCache.ScanAssembly (210ms)
>>>>>>> Feature-Visual:Logs/AssetImportWorker1.log
=======
			SetupTypeCache (430ms)
				TypeCache.Initialize (218ms)
					TypeCache.ScanAssembly (214ms)
>>>>>>> Feature-Visual:Logs/AssetImportWorker1.log
				ResolveRequiredComponents (3ms)
		FinalizeReload (0ms)
			ReleaseScriptCaches (0ms)
			RebuildScriptCaches (0ms)
<<<<<<< HEAD:Logs/AssetImportWorker3-prev.log
<<<<<<< HEAD:Logs/AssetImportWorker3-prev.log
			SetupLoadedEditorAssemblies (367ms)
=======
			SetupLoadedEditorAssemblies (370ms)
>>>>>>> Feature-Visual:Logs/AssetImportWorker1.log
=======
			SetupLoadedEditorAssemblies (398ms)
>>>>>>> Feature-Visual:Logs/AssetImportWorker1.log
				LogAssemblyErrors (0ms)
				InitializePlatformSupportModulesInManaged (5ms)
				SetLoadedEditorAssemblies (3ms)
				RefreshPlugins (0ms)
<<<<<<< HEAD:Logs/AssetImportWorker3-prev.log
<<<<<<< HEAD:Logs/AssetImportWorker3-prev.log
				BeforeProcessingInitializeOnLoad (63ms)
				ProcessInitializeOnLoadAttributes (196ms)
				ProcessInitializeOnLoadMethodAttributes (95ms)
=======
				BeforeProcessingInitializeOnLoad (62ms)
				ProcessInitializeOnLoadAttributes (200ms)
				ProcessInitializeOnLoadMethodAttributes (96ms)
>>>>>>> Feature-Visual:Logs/AssetImportWorker1.log
=======
				BeforeProcessingInitializeOnLoad (66ms)
				ProcessInitializeOnLoadAttributes (219ms)
				ProcessInitializeOnLoadMethodAttributes (100ms)
>>>>>>> Feature-Visual:Logs/AssetImportWorker1.log
				AfterProcessingInitializeOnLoad (5ms)
				EditorAssembliesLoaded (0ms)
			ExecutionOrderSort2 (0ms)
			AwakeInstancesAfterBackupRestoration (14ms)
Launched and connected shader compiler UnityShaderCompiler.exe after 0.04 seconds
<<<<<<< HEAD:Logs/AssetImportWorker3-prev.log
<<<<<<< HEAD:Logs/AssetImportWorker3-prev.log
Refreshing native plugins compatible for Editor in 13.10 ms, found 4 plugins.
Preloading 0 native plugins for Editor in 0.00 ms.
Unloading 4877 Unused Serialized files (Serialized files now loaded: 0)
Unloading 124 unused Assets / (116.3 KB). Loaded Objects now: 5255.
Memory consumption went from 0.72 GB to 0.72 GB.
Total: 5.177600 ms (FindLiveObjects: 0.332500 ms CreateObjectMapping: 0.125500 ms MarkObjects: 4.557600 ms  DeleteObjects: 0.161200 ms)
=======
Refreshing native plugins compatible for Editor in 12.06 ms, found 4 plugins.
=======
Refreshing native plugins compatible for Editor in 13.28 ms, found 4 plugins.
>>>>>>> Feature-Visual:Logs/AssetImportWorker1.log
Preloading 0 native plugins for Editor in 0.00 ms.
Unloading 4876 Unused Serialized files (Serialized files now loaded: 0)
Unloading 124 unused Assets / (116.3 KB). Loaded Objects now: 5254.
Memory consumption went from 0.72 GB to 0.72 GB.
<<<<<<< HEAD:Logs/AssetImportWorker3-prev.log
Total: 5.498200 ms (FindLiveObjects: 0.345200 ms CreateObjectMapping: 0.140500 ms MarkObjects: 4.814000 ms  DeleteObjects: 0.197200 ms)
>>>>>>> Feature-Visual:Logs/AssetImportWorker1.log
=======
Total: 5.923800 ms (FindLiveObjects: 0.404500 ms CreateObjectMapping: 0.203700 ms MarkObjects: 5.142500 ms  DeleteObjects: 0.171900 ms)
>>>>>>> Feature-Visual:Logs/AssetImportWorker1.log

AssetImportParameters requested are different than current active one (requested -> active):
  custom:container-demuxer-ogg: 62fdf1f143b41e24485cea50d1cbac27 -> 
  custom:video-codec-MediaFoundation-h265: 746d11721c4dcdbdad8f713fa42b33f4 -> 
  custom:video-decoder-ogg-theora: a1e56fd34408186e4bbccfd4996cb3dc -> 
  custom:framework-win-MediaFoundation: 216162199b28c13a410421893ffa2e32 -> 
  custom:container-demuxer-webm: 4f35f7cbe854078d1ac9338744f61a02 -> 
  custom:container-muxer-webm: aa71ff27fc2769a1b78a27578f13a17b -> 
  custom:video-decoder-webm-vp8: 9c59270c3fd7afecdb556c50c9e8de78 -> 
  custom:AudioImporter_EditorPlatform: d09bf68614088b80899f8185d706f6e7 -> 
  custom:video-encoder-webm-vp8: eb34c28f22e8b96e1ab97ce403110664 -> 
  custom:audio-decoder-ogg-vorbis: bf7c407c2cedff20999df2af8eb42d56 -> 
  custom:audio-encoder-webm-vorbis: bf7c407c2cedff20999df2af8eb42d56 -> 
========================================================================
Received Import Request.
  Time since last request: 13371.308446 seconds.
  path: Assets/Scenes/SampleScene.unity
  artifactKey: Guid(2cda990e2423bbf4892e6590ba056729) Importer(815301076,1909f56bfc062723c751e8b465ee728b)
Start importing Assets/Scenes/SampleScene.unity using Guid(2cda990e2423bbf4892e6590ba056729) Importer(815301076,1909f56bfc062723c751e8b465ee728b)  -> (artifact id: 'e23df33be651231f9ec484a0d6c71baf') in 0.001724 seconds 
Number of updated asset objects reloaded before import = 0
Number of asset objects unloaded after import = 0
========================================================================
Received Prepare
Begin MonoManager ReloadAssembly
Symbol file LoadedFromMemory doesn't match image C:\Users\asus\Desktop\My project\Library\PackageCache\com.unity.visualscripting@1.8.0\Editor\VisualScripting.Core\Dependencies\YamlDotNet\Unity.VisualScripting.YamlDotNet.dll
Symbol file LoadedFromMemory doesn't match image C:\Users\asus\Desktop\My project\Library\PackageCache\com.unity.visualscripting@1.8.0\Editor\VisualScripting.Core\Dependencies\DotNetZip\Unity.VisualScripting.IonicZip.dll
- Loaded All Assemblies, in  0.788 seconds
Refreshing native plugins compatible for Editor in 12.68 ms, found 4 plugins.
Native extension for WindowsStandalone target not found
Mono: successfully reloaded assembly
- Finished resetting the current domain, in  0.880 seconds
Domain Reload Profiling:
	ReloadAssembly (184ms)
		BeginReloadAssembly (122ms)
			ExecutionOrderSort (0ms)
			DisableScriptedObjects (6ms)
			BackupInstance (0ms)
			ReleaseScriptingObjects (0ms)
			CreateAndSetChildDomain (42ms)
		LoadAllAssembliesAndSetupDomain (601ms)
			LoadAssemblies (229ms)
			RebuildTransferFunctionScriptingTraits (0ms)
			SetupTypeCache (406ms)
				TypeCache.Initialize (206ms)
					TypeCache.ScanAssembly (201ms)
				ResolveRequiredComponents (3ms)
		FinalizeReload (0ms)
			ReleaseScriptCaches (0ms)
			RebuildScriptCaches (0ms)
			SetupLoadedEditorAssemblies (459ms)
				LogAssemblyErrors (0ms)
				InitializePlatformSupportModulesInManaged (6ms)
				SetLoadedEditorAssemblies (4ms)
				RefreshPlugins (0ms)
				BeforeProcessingInitializeOnLoad (87ms)
				ProcessInitializeOnLoadAttributes (225ms)
				ProcessInitializeOnLoadMethodAttributes (131ms)
				AfterProcessingInitializeOnLoad (6ms)
				EditorAssembliesLoaded (0ms)
			ExecutionOrderSort2 (0ms)
			AwakeInstancesAfterBackupRestoration (16ms)
Refreshing native plugins compatible for Editor in 14.89 ms, found 4 plugins.
Preloading 0 native plugins for Editor in 0.00 ms.
Unloading 4865 Unused Serialized files (Serialized files now loaded: 0)
Unloading 113 unused Assets / (83.3 KB). Loaded Objects now: 5257.
Memory consumption went from 0.72 GB to 0.72 GB.
Total: 7.374300 ms (FindLiveObjects: 0.344300 ms CreateObjectMapping: 0.169100 ms MarkObjects: 6.716500 ms  DeleteObjects: 0.143500 ms)

Prepare: number of updated asset objects reloaded= 0
AssetImportParameters requested are different than current active one (requested -> active):
  custom:container-demuxer-ogg: 62fdf1f143b41e24485cea50d1cbac27 -> 
  custom:video-codec-MediaFoundation-h265: 746d11721c4dcdbdad8f713fa42b33f4 -> 
  custom:video-decoder-ogg-theora: a1e56fd34408186e4bbccfd4996cb3dc -> 
  custom:framework-win-MediaFoundation: 216162199b28c13a410421893ffa2e32 -> 
  custom:container-demuxer-webm: 4f35f7cbe854078d1ac9338744f61a02 -> 
  custom:container-muxer-webm: aa71ff27fc2769a1b78a27578f13a17b -> 
  custom:video-decoder-webm-vp8: 9c59270c3fd7afecdb556c50c9e8de78 -> 
  custom:AudioImporter_EditorPlatform: d09bf68614088b80899f8185d706f6e7 -> 
  custom:video-encoder-webm-vp8: eb34c28f22e8b96e1ab97ce403110664 -> 
  custom:audio-decoder-ogg-vorbis: bf7c407c2cedff20999df2af8eb42d56 -> 
  custom:audio-encoder-webm-vorbis: bf7c407c2cedff20999df2af8eb42d56 -> 
