Using pre-set license
Built from '2022.2/staging' branch; Version is '2022.2.6f1 (10bfa6201ced) revision 1097638'; Using compiler version '192829333'; Build Type 'Release'
OS: 'Windows 10  (10.0.19045) 64bit CoreCountrySpecific' Language: 'zh' Physical Memory: 32506 MB
BatchMode: 1, IsHumanControllingUs: 0, StartBugReporterOnCrash: 0, Is64bit: 1, IsPro: 1

COMMAND LINE ARGUMENTS:
C:\Program Files\Unity\Hub\Editor\2022.2.6f1\Editor\Unity.exe
-adb2
-batchMode
-noUpm
-name
AssetImportWorker2
-projectPath
C:/Users/asus/Desktop/My project
-logFile
Logs/AssetImportWorker2.log
-srvPort
<<<<<<< HEAD:Logs/AssetImportWorker2-prev.log
<<<<<<< HEAD:Logs/AssetImportWorker2-prev.log
54595
=======
55084
>>>>>>> Feature-Visual:Logs/AssetImportWorker0.log
=======
56587
>>>>>>> Feature-Visual:Logs/AssetImportWorker0.log
Successfully changed project path to: C:/Users/asus/Desktop/My project
C:/Users/asus/Desktop/My project
[UnityMemory] Configuration Parameters - Can be set up in boot.config
    "memorysetup-bucket-allocator-granularity=16"
    "memorysetup-bucket-allocator-bucket-count=8"
    "memorysetup-bucket-allocator-block-size=33554432"
    "memorysetup-bucket-allocator-block-count=8"
    "memorysetup-main-allocator-block-size=16777216"
    "memorysetup-thread-allocator-block-size=16777216"
    "memorysetup-gfx-main-allocator-block-size=16777216"
    "memorysetup-gfx-thread-allocator-block-size=16777216"
    "memorysetup-cache-allocator-block-size=4194304"
    "memorysetup-typetree-allocator-block-size=2097152"
    "memorysetup-profiler-bucket-allocator-granularity=16"
    "memorysetup-profiler-bucket-allocator-bucket-count=8"
    "memorysetup-profiler-bucket-allocator-block-size=33554432"
    "memorysetup-profiler-bucket-allocator-block-count=8"
    "memorysetup-profiler-allocator-block-size=16777216"
    "memorysetup-profiler-editor-allocator-block-size=1048576"
    "memorysetup-temp-allocator-size-main=16777216"
    "memorysetup-job-temp-allocator-block-size=2097152"
    "memorysetup-job-temp-allocator-block-size-background=1048576"
    "memorysetup-job-temp-allocator-reduction-small-platforms=262144"
    "memorysetup-temp-allocator-size-background-worker=32768"
    "memorysetup-temp-allocator-size-job-worker=262144"
    "memorysetup-temp-allocator-size-preload-manager=33554432"
    "memorysetup-temp-allocator-size-nav-mesh-worker=65536"
    "memorysetup-temp-allocator-size-audio-worker=65536"
    "memorysetup-temp-allocator-size-cloud-worker=32768"
    "memorysetup-temp-allocator-size-gi-baking-worker=262144"
    "memorysetup-temp-allocator-size-gfx=262144"
<<<<<<< HEAD:Logs/AssetImportWorker2-prev.log
<<<<<<< HEAD:Logs/AssetImportWorker2-prev.log
Player connection [18572] Host "[IP] 192.168.56.1 [Port] 0 [Flags] 2 [Guid] 1783918862 [EditorId] 1783918862 [Version] 1048832 [Id] WindowsEditor(7,LAPTOP-1C1JVLPV) [Debug] 1 [PackageName] WindowsEditor [ProjectName] Editor" joined multi-casting on [225.0.0.222:54997]...

Player connection [18572] Host "[IP] 192.168.56.1 [Port] 0 [Flags] 2 [Guid] 1783918862 [EditorId] 1783918862 [Version] 1048832 [Id] WindowsEditor(7,LAPTOP-1C1JVLPV) [Debug] 1 [PackageName] WindowsEditor [ProjectName] Editor" joined alternative multi-casting on [225.0.0.222:34997]...

Refreshing native plugins compatible for Editor in 17.13 ms, found 4 plugins.
=======
Player connection [10052] Host "[IP] 192.168.56.1 [Port] 0 [Flags] 2 [Guid] 2788704637 [EditorId] 2788704637 [Version] 1048832 [Id] WindowsEditor(7,LAPTOP-1C1JVLPV) [Debug] 1 [PackageName] WindowsEditor [ProjectName] Editor" joined multi-casting on [225.0.0.222:54997]...
=======
Player connection [16444] Host "[IP] 192.168.56.1 [Port] 0 [Flags] 2 [Guid] 2385012687 [EditorId] 2385012687 [Version] 1048832 [Id] WindowsEditor(7,LAPTOP-1C1JVLPV) [Debug] 1 [PackageName] WindowsEditor [ProjectName] Editor" joined multi-casting on [225.0.0.222:54997]...
>>>>>>> Feature-Visual:Logs/AssetImportWorker0.log

Player connection [16444] Host "[IP] 192.168.56.1 [Port] 0 [Flags] 2 [Guid] 2385012687 [EditorId] 2385012687 [Version] 1048832 [Id] WindowsEditor(7,LAPTOP-1C1JVLPV) [Debug] 1 [PackageName] WindowsEditor [ProjectName] Editor" joined alternative multi-casting on [225.0.0.222:34997]...

<<<<<<< HEAD:Logs/AssetImportWorker2-prev.log
Refreshing native plugins compatible for Editor in 17.95 ms, found 4 plugins.
>>>>>>> Feature-Visual:Logs/AssetImportWorker0.log
=======
Refreshing native plugins compatible for Editor in 20.09 ms, found 4 plugins.
>>>>>>> Feature-Visual:Logs/AssetImportWorker0.log
Preloading 0 native plugins for Editor in 0.00 ms.
Initialize engine version: 2022.2.6f1 (10bfa6201ced)
[Subsystems] Discovering subsystems at path C:/Program Files/Unity/Hub/Editor/2022.2.6f1/Editor/Data/Resources/UnitySubsystems
[Subsystems] Discovering subsystems at path C:/Users/asus/Desktop/My project/Assets
GfxDevice: creating device client; threaded=0; jobified=0
Direct3D:
    Version:  Direct3D 11.0 [level 11.1]
    Renderer: NVIDIA GeForce RTX 3060 Laptop GPU (ID=0x2520)
    Vendor:   NVIDIA
    VRAM:     6023 MB
    Driver:   31.0.15.1720
Initialize mono
Mono path[0] = 'C:/Program Files/Unity/Hub/Editor/2022.2.6f1/Editor/Data/Managed'
Mono path[1] = 'C:/Program Files/Unity/Hub/Editor/2022.2.6f1/Editor/Data/MonoBleedingEdge/lib/mono/unityjit-win32'
Mono config path = 'C:/Program Files/Unity/Hub/Editor/2022.2.6f1/Editor/Data/MonoBleedingEdge/etc'
<<<<<<< HEAD:Logs/AssetImportWorker2-prev.log
<<<<<<< HEAD:Logs/AssetImportWorker2-prev.log
Using monoOptions --debugger-agent=transport=dt_socket,embedding=1,server=y,suspend=n,address=127.0.0.1:56860
Begin MonoManager ReloadAssembly
Registering precompiled unity dll's ...
Register platform support module: C:/Program Files/Unity/Hub/Editor/2022.2.6f1/Editor/Data/PlaybackEngines/WindowsStandaloneSupport/UnityEditor.WindowsStandalone.Extensions.dll
Registered in 0.005642 seconds.
- Loaded All Assemblies, in  0.240 seconds
Native extension for WindowsStandalone target not found
Mono: successfully reloaded assembly
- Finished resetting the current domain, in  0.205 seconds
Domain Reload Profiling:
	ReloadAssembly (140ms)
		BeginReloadAssembly (55ms)
=======
Using monoOptions --debugger-agent=transport=dt_socket,embedding=1,server=y,suspend=n,address=127.0.0.1:56516
=======
Using monoOptions --debugger-agent=transport=dt_socket,embedding=1,server=y,suspend=n,address=127.0.0.1:56440
>>>>>>> Feature-Visual:Logs/AssetImportWorker0.log
Begin MonoManager ReloadAssembly
Registering precompiled unity dll's ...
Register platform support module: C:/Program Files/Unity/Hub/Editor/2022.2.6f1/Editor/Data/PlaybackEngines/WindowsStandaloneSupport/UnityEditor.WindowsStandalone.Extensions.dll
Registered in 0.006879 seconds.
- Loaded All Assemblies, in  0.253 seconds
Native extension for WindowsStandalone target not found
Mono: successfully reloaded assembly
- Finished resetting the current domain, in  0.215 seconds
Domain Reload Profiling:
<<<<<<< HEAD:Logs/AssetImportWorker2-prev.log
	ReloadAssembly (145ms)
		BeginReloadAssembly (58ms)
>>>>>>> Feature-Visual:Logs/AssetImportWorker0.log
=======
	ReloadAssembly (149ms)
		BeginReloadAssembly (57ms)
>>>>>>> Feature-Visual:Logs/AssetImportWorker0.log
			ExecutionOrderSort (0ms)
			DisableScriptedObjects (0ms)
			BackupInstance (0ms)
			ReleaseScriptingObjects (0ms)
			CreateAndSetChildDomain (1ms)
		LoadAllAssembliesAndSetupDomain (0ms)
<<<<<<< HEAD:Logs/AssetImportWorker2-prev.log
<<<<<<< HEAD:Logs/AssetImportWorker2-prev.log
			LoadAssemblies (53ms)
			RebuildTransferFunctionScriptingTraits (0ms)
			SetupTypeCache (94ms)
				TypeCache.Initialize (94ms)
					TypeCache.ScanAssembly (92ms)
=======
			LoadAssemblies (56ms)
			RebuildTransferFunctionScriptingTraits (0ms)
			SetupTypeCache (92ms)
				TypeCache.Initialize (91ms)
					TypeCache.ScanAssembly (90ms)
>>>>>>> Feature-Visual:Logs/AssetImportWorker0.log
=======
			LoadAssemblies (55ms)
			RebuildTransferFunctionScriptingTraits (0ms)
			SetupTypeCache (98ms)
				TypeCache.Initialize (97ms)
					TypeCache.ScanAssembly (96ms)
>>>>>>> Feature-Visual:Logs/AssetImportWorker0.log
				ResolveRequiredComponents (0ms)
		FinalizeReload (0ms)
			ReleaseScriptCaches (0ms)
			RebuildScriptCaches (0ms)
<<<<<<< HEAD:Logs/AssetImportWorker2-prev.log
<<<<<<< HEAD:Logs/AssetImportWorker2-prev.log
			SetupLoadedEditorAssemblies (161ms)
=======
			SetupLoadedEditorAssemblies (173ms)
>>>>>>> Feature-Visual:Logs/AssetImportWorker0.log
=======
			SetupLoadedEditorAssemblies (170ms)
>>>>>>> Feature-Visual:Logs/AssetImportWorker0.log
				LogAssemblyErrors (0ms)
				InitializePlatformSupportModulesInManaged (8ms)
				SetLoadedEditorAssemblies (6ms)
				RefreshPlugins (0ms)
				BeforeProcessingInitializeOnLoad (1ms)
<<<<<<< HEAD:Logs/AssetImportWorker2-prev.log
<<<<<<< HEAD:Logs/AssetImportWorker2-prev.log
				ProcessInitializeOnLoadAttributes (103ms)
=======
				ProcessInitializeOnLoadAttributes (114ms)
>>>>>>> Feature-Visual:Logs/AssetImportWorker0.log
				ProcessInitializeOnLoadMethodAttributes (44ms)
=======
				ProcessInitializeOnLoadAttributes (110ms)
				ProcessInitializeOnLoadMethodAttributes (46ms)
>>>>>>> Feature-Visual:Logs/AssetImportWorker0.log
				AfterProcessingInitializeOnLoad (0ms)
				EditorAssembliesLoaded (0ms)
			ExecutionOrderSort2 (0ms)
			AwakeInstancesAfterBackupRestoration (0ms)
========================================================================
Worker process is ready to serve import requests
Begin MonoManager ReloadAssembly
Symbol file LoadedFromMemory doesn't match image C:\Users\asus\Desktop\My project\Library\PackageCache\com.unity.visualscripting@1.8.0\Editor\VisualScripting.Core\Dependencies\YamlDotNet\Unity.VisualScripting.YamlDotNet.dll
Symbol file LoadedFromMemory doesn't match image C:\Users\asus\Desktop\My project\Library\PackageCache\com.unity.visualscripting@1.8.0\Editor\VisualScripting.Core\Dependencies\DotNetZip\Unity.VisualScripting.IonicZip.dll
<<<<<<< HEAD:Logs/AssetImportWorker2-prev.log
<<<<<<< HEAD:Logs/AssetImportWorker2-prev.log
- Loaded All Assemblies, in  0.755 seconds
Refreshing native plugins compatible for Editor in 12.26 ms, found 4 plugins.
Native extension for WindowsStandalone target not found
Mono: successfully reloaded assembly
- Finished resetting the current domain, in  0.490 seconds
Domain Reload Profiling:
	ReloadAssembly (161ms)
		BeginReloadAssembly (87ms)
=======
- Loaded All Assemblies, in  0.852 seconds
Refreshing native plugins compatible for Editor in 11.82 ms, found 4 plugins.
=======
- Loaded All Assemblies, in  0.818 seconds
Refreshing native plugins compatible for Editor in 12.14 ms, found 4 plugins.
>>>>>>> Feature-Visual:Logs/AssetImportWorker0.log
Native extension for WindowsStandalone target not found
Mono: successfully reloaded assembly
- Finished resetting the current domain, in  0.545 seconds
Domain Reload Profiling:
<<<<<<< HEAD:Logs/AssetImportWorker2-prev.log
	ReloadAssembly (205ms)
		BeginReloadAssembly (97ms)
>>>>>>> Feature-Visual:Logs/AssetImportWorker0.log
=======
	ReloadAssembly (172ms)
		BeginReloadAssembly (96ms)
>>>>>>> Feature-Visual:Logs/AssetImportWorker0.log
			ExecutionOrderSort (0ms)
			DisableScriptedObjects (4ms)
			BackupInstance (0ms)
			ReleaseScriptingObjects (0ms)
<<<<<<< HEAD:Logs/AssetImportWorker2-prev.log
<<<<<<< HEAD:Logs/AssetImportWorker2-prev.log
			CreateAndSetChildDomain (18ms)
		LoadAllAssembliesAndSetupDomain (591ms)
			LoadAssemblies (222ms)
			RebuildTransferFunctionScriptingTraits (0ms)
			SetupTypeCache (402ms)
				TypeCache.Initialize (205ms)
					TypeCache.ScanAssembly (201ms)
				ResolveRequiredComponents (3ms)
		FinalizeReload (0ms)
			ReleaseScriptCaches (0ms)
			RebuildScriptCaches (0ms)
			SetupLoadedEditorAssemblies (366ms)
=======
			CreateAndSetChildDomain (20ms)
		LoadAllAssembliesAndSetupDomain (645ms)
			LoadAssemblies (239ms)
=======
			CreateAndSetChildDomain (19ms)
		LoadAllAssembliesAndSetupDomain (644ms)
			LoadAssemblies (243ms)
>>>>>>> Feature-Visual:Logs/AssetImportWorker0.log
			RebuildTransferFunctionScriptingTraits (0ms)
			SetupTypeCache (439ms)
				TypeCache.Initialize (226ms)
					TypeCache.ScanAssembly (222ms)
				ResolveRequiredComponents (3ms)
		FinalizeReload (0ms)
			ReleaseScriptCaches (0ms)
			RebuildScriptCaches (0ms)
<<<<<<< HEAD:Logs/AssetImportWorker2-prev.log
			SetupLoadedEditorAssemblies (379ms)
>>>>>>> Feature-Visual:Logs/AssetImportWorker0.log
=======
			SetupLoadedEditorAssemblies (398ms)
>>>>>>> Feature-Visual:Logs/AssetImportWorker0.log
				LogAssemblyErrors (0ms)
				InitializePlatformSupportModulesInManaged (5ms)
				SetLoadedEditorAssemblies (4ms)
				RefreshPlugins (0ms)
<<<<<<< HEAD:Logs/AssetImportWorker2-prev.log
<<<<<<< HEAD:Logs/AssetImportWorker2-prev.log
				BeforeProcessingInitializeOnLoad (62ms)
				ProcessInitializeOnLoadAttributes (196ms)
				ProcessInitializeOnLoadMethodAttributes (96ms)
=======
				BeforeProcessingInitializeOnLoad (65ms)
				ProcessInitializeOnLoadAttributes (202ms)
				ProcessInitializeOnLoadMethodAttributes (99ms)
>>>>>>> Feature-Visual:Logs/AssetImportWorker0.log
				AfterProcessingInitializeOnLoad (5ms)
				EditorAssembliesLoaded (0ms)
			ExecutionOrderSort2 (0ms)
			AwakeInstancesAfterBackupRestoration (12ms)
Launched and connected shader compiler UnityShaderCompiler.exe after 0.04 seconds
<<<<<<< HEAD:Logs/AssetImportWorker2-prev.log
Refreshing native plugins compatible for Editor in 13.12 ms, found 4 plugins.
Preloading 0 native plugins for Editor in 0.00 ms.
Unloading 4877 Unused Serialized files (Serialized files now loaded: 0)
Unloading 124 unused Assets / (116.3 KB). Loaded Objects now: 5255.
Memory consumption went from 0.72 GB to 0.72 GB.
Total: 5.444600 ms (FindLiveObjects: 0.323200 ms CreateObjectMapping: 0.125300 ms MarkObjects: 4.814500 ms  DeleteObjects: 0.179800 ms)
=======
Refreshing native plugins compatible for Editor in 11.81 ms, found 4 plugins.
=======
				BeforeProcessingInitializeOnLoad (66ms)
				ProcessInitializeOnLoadAttributes (207ms)
				ProcessInitializeOnLoadMethodAttributes (111ms)
				AfterProcessingInitializeOnLoad (5ms)
				EditorAssembliesLoaded (0ms)
			ExecutionOrderSort2 (0ms)
			AwakeInstancesAfterBackupRestoration (14ms)
Launched and connected shader compiler UnityShaderCompiler.exe after 0.05 seconds
Refreshing native plugins compatible for Editor in 13.35 ms, found 4 plugins.
>>>>>>> Feature-Visual:Logs/AssetImportWorker0.log
Preloading 0 native plugins for Editor in 0.00 ms.
Unloading 4876 Unused Serialized files (Serialized files now loaded: 0)
Unloading 124 unused Assets / (116.3 KB). Loaded Objects now: 5254.
Memory consumption went from 0.72 GB to 0.72 GB.
<<<<<<< HEAD:Logs/AssetImportWorker2-prev.log
Total: 5.182000 ms (FindLiveObjects: 0.370700 ms CreateObjectMapping: 0.164100 ms MarkObjects: 4.480700 ms  DeleteObjects: 0.165400 ms)
>>>>>>> Feature-Visual:Logs/AssetImportWorker0.log
=======
Total: 5.662100 ms (FindLiveObjects: 0.433600 ms CreateObjectMapping: 0.174700 ms MarkObjects: 4.859400 ms  DeleteObjects: 0.193300 ms)
>>>>>>> Feature-Visual:Logs/AssetImportWorker0.log

AssetImportParameters requested are different than current active one (requested -> active):
  custom:container-demuxer-ogg: 62fdf1f143b41e24485cea50d1cbac27 -> 
  custom:video-codec-MediaFoundation-h265: 746d11721c4dcdbdad8f713fa42b33f4 -> 
  custom:video-decoder-ogg-theora: a1e56fd34408186e4bbccfd4996cb3dc -> 
  custom:framework-win-MediaFoundation: 216162199b28c13a410421893ffa2e32 -> 
  custom:container-demuxer-webm: 4f35f7cbe854078d1ac9338744f61a02 -> 
  custom:container-muxer-webm: aa71ff27fc2769a1b78a27578f13a17b -> 
  custom:video-decoder-webm-vp8: 9c59270c3fd7afecdb556c50c9e8de78 -> 
  custom:AudioImporter_EditorPlatform: d09bf68614088b80899f8185d706f6e7 -> 
  custom:video-encoder-webm-vp8: eb34c28f22e8b96e1ab97ce403110664 -> 
  custom:audio-decoder-ogg-vorbis: bf7c407c2cedff20999df2af8eb42d56 -> 
  custom:audio-encoder-webm-vorbis: bf7c407c2cedff20999df2af8eb42d56 -> 
========================================================================
Received Import Request.
<<<<<<< HEAD:Logs/AssetImportWorker2-prev.log
<<<<<<< HEAD:Logs/AssetImportWorker2-prev.log
  Time since last request: 8879.768781 seconds.
  path: Assets/Scenes/SampleScene.unity
  artifactKey: Guid(2cda990e2423bbf4892e6590ba056729) Importer(815301076,1909f56bfc062723c751e8b465ee728b)
Start importing Assets/Scenes/SampleScene.unity using Guid(2cda990e2423bbf4892e6590ba056729) Importer(815301076,1909f56bfc062723c751e8b465ee728b)  -> (artifact id: '34b3d499ae70257dbee830cb75217481') in 0.001663 seconds 
Number of updated asset objects reloaded before import = 0
Number of asset objects unloaded after import = 0
=======
  Time since last request: 9636.527451 seconds.
  path: Assets/Visual-Sprites/New Piskel.png
  artifactKey: Guid(ca430d81659053944bee5d775bef371f) Importer(815301076,1909f56bfc062723c751e8b465ee728b)
Start importing Assets/Visual-Sprites/New Piskel.png using Guid(ca430d81659053944bee5d775bef371f) Importer(815301076,1909f56bfc062723c751e8b465ee728b)  -> (artifact id: 'e813da02decc2b575cba24b8d6df69ac') in 0.082179 seconds 
Number of updated asset objects reloaded before import = 0
Number of asset objects unloaded after import = 13
========================================================================
Received Import Request.
  Time since last request: 40.634874 seconds.
  path: Assets/Scenes/SampleScene.unity
  artifactKey: Guid(2cda990e2423bbf4892e6590ba056729) Importer(815301076,1909f56bfc062723c751e8b465ee728b)
Start importing Assets/Scenes/SampleScene.unity using Guid(2cda990e2423bbf4892e6590ba056729) Importer(815301076,1909f56bfc062723c751e8b465ee728b)  -> (artifact id: 'e23df33be651231f9ec484a0d6c71baf') in 0.000541 seconds 
=======
  Time since last request: 13493.139482 seconds.
  path: Assets
  artifactKey: Guid(00000000000000001000000000000000) Importer(815301076,1909f56bfc062723c751e8b465ee728b)
Start importing Assets using Guid(00000000000000001000000000000000) Importer(815301076,1909f56bfc062723c751e8b465ee728b)  -> (artifact id: '8a4fe85251aa2e89732c359432baa2c3') in 0.001918 seconds 
>>>>>>> Feature-Visual:Logs/AssetImportWorker0.log
Number of updated asset objects reloaded before import = 0
Number of asset objects unloaded after import = 0
========================================================================
Received Import Request.
  Time since last request: 21.450008 seconds.
  path: Assets/Prefab
  artifactKey: Guid(5863c91b026d2c243914ce81a7dfa6af) Importer(815301076,1909f56bfc062723c751e8b465ee728b)
Start importing Assets/Prefab using Guid(5863c91b026d2c243914ce81a7dfa6af) Importer(815301076,1909f56bfc062723c751e8b465ee728b)  -> (artifact id: 'dbdae7a178d699a4efa0871a0c7d4baa') in 0.000462 seconds 
Number of updated asset objects reloaded before import = 0
Number of asset objects unloaded after import = 0
========================================================================
Received Import Request.
  Time since last request: 31.906328 seconds.
  path: Assets/Prefab/innerWall.prefab
  artifactKey: Guid(2815601ee4335e849b102961cbe7f93d) Importer(815301076,1909f56bfc062723c751e8b465ee728b)
Start importing Assets/Prefab/innerWall.prefab using Guid(2815601ee4335e849b102961cbe7f93d) Importer(815301076,1909f56bfc062723c751e8b465ee728b)  -> (artifact id: '519c5f446dbe7b32f77d529dad24d61c') in 0.097836 seconds 
Number of updated asset objects reloaded before import = 0
Number of asset objects unloaded after import = 7
========================================================================
Received Import Request.
  Time since last request: 36.819167 seconds.
  path: Assets/Prefab/outWall.prefab
  artifactKey: Guid(2b0a3e4e30d005445b8dd8f710faf7b9) Importer(815301076,1909f56bfc062723c751e8b465ee728b)
Start importing Assets/Prefab/outWall.prefab using Guid(2b0a3e4e30d005445b8dd8f710faf7b9) Importer(815301076,1909f56bfc062723c751e8b465ee728b)  -> (artifact id: '41e919e584e0f436bead56ed01f72f9d') in 0.007797 seconds 
Number of updated asset objects reloaded before import = 0
Number of asset objects unloaded after import = 7
========================================================================
Received Import Request.
  Time since last request: 2.879458 seconds.
  path: Assets/Prefab/innerCorner.prefab
  artifactKey: Guid(63b150194f7089942b895039de1c2f04) Importer(815301076,1909f56bfc062723c751e8b465ee728b)
Start importing Assets/Prefab/innerCorner.prefab using Guid(63b150194f7089942b895039de1c2f04) Importer(815301076,1909f56bfc062723c751e8b465ee728b)  -> (artifact id: '9f98096a74c233c43b6478a8baa4e147') in 0.007914 seconds 
Number of updated asset objects reloaded before import = 0
Number of asset objects unloaded after import = 7
========================================================================
Received Import Request.
  Time since last request: 2.482070 seconds.
  path: Assets/Prefab/outCorner.prefab
  artifactKey: Guid(fbde05a3ea33bec48abf2518d792d1e8) Importer(815301076,1909f56bfc062723c751e8b465ee728b)
Start importing Assets/Prefab/outCorner.prefab using Guid(fbde05a3ea33bec48abf2518d792d1e8) Importer(815301076,1909f56bfc062723c751e8b465ee728b)  -> (artifact id: '5c27b616c8204126c8f27bb0396166c1') in 0.006885 seconds 
Number of updated asset objects reloaded before import = 0
Number of asset objects unloaded after import = 7
========================================================================
Received Import Request.
  Time since last request: 2.386552 seconds.
  path: Assets/Prefab/junction.prefab
  artifactKey: Guid(12c71fb8e34144645a556aebc204f0c7) Importer(815301076,1909f56bfc062723c751e8b465ee728b)
Start importing Assets/Prefab/junction.prefab using Guid(12c71fb8e34144645a556aebc204f0c7) Importer(815301076,1909f56bfc062723c751e8b465ee728b)  -> (artifact id: 'b0e142b33eef53e507cf5630ce65cac7') in 0.007279 seconds 
Number of updated asset objects reloaded before import = 0
Number of asset objects unloaded after import = 7
========================================================================
Received Import Request.
  Time since last request: 1115.086834 seconds.
  path: Assets/Prefab/outWall (12).prefab
  artifactKey: Guid(a5c8af3a7b775884ca6561ff12d22712) Importer(815301076,1909f56bfc062723c751e8b465ee728b)
Start importing Assets/Prefab/outWall (12).prefab using Guid(a5c8af3a7b775884ca6561ff12d22712) Importer(815301076,1909f56bfc062723c751e8b465ee728b)  -> (artifact id: '3ab3c4ca7db603c3f5a689d8c11c6888') in 0.010996 seconds 
Number of updated asset objects reloaded before import = 0
Number of asset objects unloaded after import = 7
========================================================================
Received Import Request.
  Time since last request: 883.225305 seconds.
  path: Assets/Prefab/NormalPe.prefab
  artifactKey: Guid(e1a0fc8e4c37c8c4bb25e0bc24720d81) Importer(815301076,1909f56bfc062723c751e8b465ee728b)
Start importing Assets/Prefab/NormalPe.prefab using Guid(e1a0fc8e4c37c8c4bb25e0bc24720d81) Importer(815301076,1909f56bfc062723c751e8b465ee728b)  -> (artifact id: '062240d79ab105a7529d1ab023eab00b') in 0.012242 seconds 
Number of updated asset objects reloaded before import = 0
Number of asset objects unloaded after import = 7
========================================================================
Received Import Request.
  Time since last request: 332.071565 seconds.
  path: Assets/Prefab/innerWall 1.prefab
  artifactKey: Guid(946e94fc7ad832b4ca9dc693363ac069) Importer(815301076,1909f56bfc062723c751e8b465ee728b)
Start importing Assets/Prefab/innerWall 1.prefab using Guid(946e94fc7ad832b4ca9dc693363ac069) Importer(815301076,1909f56bfc062723c751e8b465ee728b)  -> (artifact id: '70678c4e33404155a9b06ec6ac854dd3') in 0.009777 seconds 
Number of updated asset objects reloaded before import = 0
Number of asset objects unloaded after import = 7
========================================================================
Received Prepare
Begin MonoManager ReloadAssembly
Symbol file LoadedFromMemory doesn't match image C:\Users\asus\Desktop\My project\Library\PackageCache\com.unity.visualscripting@1.8.0\Editor\VisualScripting.Core\Dependencies\YamlDotNet\Unity.VisualScripting.YamlDotNet.dll
Symbol file LoadedFromMemory doesn't match image C:\Users\asus\Desktop\My project\Library\PackageCache\com.unity.visualscripting@1.8.0\Editor\VisualScripting.Core\Dependencies\DotNetZip\Unity.VisualScripting.IonicZip.dll
- Loaded All Assemblies, in  0.790 seconds
Refreshing native plugins compatible for Editor in 12.03 ms, found 4 plugins.
Native extension for WindowsStandalone target not found
Mono: successfully reloaded assembly
- Finished resetting the current domain, in  0.908 seconds
Domain Reload Profiling:
	ReloadAssembly (170ms)
		BeginReloadAssembly (111ms)
			ExecutionOrderSort (0ms)
			DisableScriptedObjects (5ms)
			BackupInstance (0ms)
			ReleaseScriptingObjects (0ms)
			CreateAndSetChildDomain (40ms)
		LoadAllAssembliesAndSetupDomain (617ms)
			LoadAssemblies (235ms)
			RebuildTransferFunctionScriptingTraits (0ms)
			SetupTypeCache (414ms)
				TypeCache.Initialize (212ms)
					TypeCache.ScanAssembly (206ms)
				ResolveRequiredComponents (9ms)
		FinalizeReload (0ms)
			ReleaseScriptCaches (0ms)
			RebuildScriptCaches (0ms)
			SetupLoadedEditorAssemblies (442ms)
				LogAssemblyErrors (0ms)
				InitializePlatformSupportModulesInManaged (6ms)
				SetLoadedEditorAssemblies (4ms)
				RefreshPlugins (0ms)
				BeforeProcessingInitializeOnLoad (80ms)
				ProcessInitializeOnLoadAttributes (219ms)
				ProcessInitializeOnLoadMethodAttributes (126ms)
				AfterProcessingInitializeOnLoad (6ms)
				EditorAssembliesLoaded (0ms)
			ExecutionOrderSort2 (0ms)
			AwakeInstancesAfterBackupRestoration (17ms)
Refreshing native plugins compatible for Editor in 14.76 ms, found 4 plugins.
Preloading 0 native plugins for Editor in 0.00 ms.
Unloading 4865 Unused Serialized files (Serialized files now loaded: 0)
Unloading 113 unused Assets / (83.3 KB). Loaded Objects now: 5265.
Memory consumption went from 0.72 GB to 0.72 GB.
Total: 6.797600 ms (FindLiveObjects: 0.373100 ms CreateObjectMapping: 0.229800 ms MarkObjects: 6.065600 ms  DeleteObjects: 0.128000 ms)

Prepare: number of updated asset objects reloaded= 0
AssetImportParameters requested are different than current active one (requested -> active):
  custom:container-demuxer-ogg: 62fdf1f143b41e24485cea50d1cbac27 -> 
  custom:video-codec-MediaFoundation-h265: 746d11721c4dcdbdad8f713fa42b33f4 -> 
  custom:video-decoder-ogg-theora: a1e56fd34408186e4bbccfd4996cb3dc -> 
  custom:framework-win-MediaFoundation: 216162199b28c13a410421893ffa2e32 -> 
  custom:container-demuxer-webm: 4f35f7cbe854078d1ac9338744f61a02 -> 
  custom:container-muxer-webm: aa71ff27fc2769a1b78a27578f13a17b -> 
  custom:video-decoder-webm-vp8: 9c59270c3fd7afecdb556c50c9e8de78 -> 
  custom:AudioImporter_EditorPlatform: d09bf68614088b80899f8185d706f6e7 -> 
  custom:video-encoder-webm-vp8: eb34c28f22e8b96e1ab97ce403110664 -> 
  custom:audio-decoder-ogg-vorbis: bf7c407c2cedff20999df2af8eb42d56 -> 
  custom:audio-encoder-webm-vorbis: bf7c407c2cedff20999df2af8eb42d56 -> 
========================================================================
Received Import Request.
  Time since last request: 6256.340667 seconds.
  path: Assets/Visual-Sprites/New Piskel.png
  artifactKey: Guid(ca430d81659053944bee5d775bef371f) Importer(815301076,1909f56bfc062723c751e8b465ee728b)
Start importing Assets/Visual-Sprites/New Piskel.png using Guid(ca430d81659053944bee5d775bef371f) Importer(815301076,1909f56bfc062723c751e8b465ee728b)  -> (artifact id: '21655414b313b8e5c69410c3d34d4216') in 0.071697 seconds 
Number of updated asset objects reloaded before import = 0
Number of asset objects unloaded after import = 13
<<<<<<< HEAD:Logs/AssetImportWorker2-prev.log
========================================================================
Received Import Request.
  Time since last request: 311.711277 seconds.
  path: Assets/Visual-Sprites/New Piskel (1).png
  artifactKey: Guid(cd6f0fcd5618ce94faf3cfe70f6a0fcc) Importer(815301076,1909f56bfc062723c751e8b465ee728b)
Start importing Assets/Visual-Sprites/New Piskel (1).png using Guid(cd6f0fcd5618ce94faf3cfe70f6a0fcc) Importer(815301076,1909f56bfc062723c751e8b465ee728b)  -> (artifact id: '69664fac722245dd4bc1275fc429ccd2') in 0.012180 seconds 
Number of updated asset objects reloaded before import = 0
Number of asset objects unloaded after import = 2
========================================================================
Received Import Request.
  Time since last request: 7.329313 seconds.
  path: Assets/Visual-Sprites/New Piskel (1).png
  artifactKey: Guid(cd6f0fcd5618ce94faf3cfe70f6a0fcc) Importer(815301076,1909f56bfc062723c751e8b465ee728b)
Start importing Assets/Visual-Sprites/New Piskel (1).png using Guid(cd6f0fcd5618ce94faf3cfe70f6a0fcc) Importer(815301076,1909f56bfc062723c751e8b465ee728b)  -> (artifact id: '2c784ae952ee29a6337a54e8cb69a957') in 0.005703 seconds 
Number of updated asset objects reloaded before import = 0
Number of asset objects unloaded after import = 2
========================================================================
Received Import Request.
  Time since last request: 320.604028 seconds.
  path: Assets/Visual-Sprites/New Piskel (1).png
  artifactKey: Guid(cd6f0fcd5618ce94faf3cfe70f6a0fcc) Importer(815301076,1909f56bfc062723c751e8b465ee728b)
Start importing Assets/Visual-Sprites/New Piskel (1).png using Guid(cd6f0fcd5618ce94faf3cfe70f6a0fcc) Importer(815301076,1909f56bfc062723c751e8b465ee728b)  -> (artifact id: '28bbad2cac073a23482654ecc37901fe') in 0.009031 seconds 
Number of updated asset objects reloaded before import = 0
Number of asset objects unloaded after import = 2
========================================================================
Received Import Request.
  Time since last request: 7.877479 seconds.
  path: Assets/Visual-Sprites/New Piskel (1).png
  artifactKey: Guid(cd6f0fcd5618ce94faf3cfe70f6a0fcc) Importer(815301076,1909f56bfc062723c751e8b465ee728b)
Start importing Assets/Visual-Sprites/New Piskel (1).png using Guid(cd6f0fcd5618ce94faf3cfe70f6a0fcc) Importer(815301076,1909f56bfc062723c751e8b465ee728b)  -> (artifact id: 'de4b0ac5935a99a2b8c551a4328d5ea4') in 0.007792 seconds 
Number of updated asset objects reloaded before import = 0
Number of asset objects unloaded after import = 2
========================================================================
Received Import Request.
  Time since last request: 56.214054 seconds.
  path: Assets/Visual-Sprites/New Piskel (1).png
  artifactKey: Guid(cd6f0fcd5618ce94faf3cfe70f6a0fcc) Importer(815301076,1909f56bfc062723c751e8b465ee728b)
Start importing Assets/Visual-Sprites/New Piskel (1).png using Guid(cd6f0fcd5618ce94faf3cfe70f6a0fcc) Importer(815301076,1909f56bfc062723c751e8b465ee728b)  -> (artifact id: '6bd629d91ff5c3420bafce4a646bc9ed') in 0.020628 seconds 
Number of updated asset objects reloaded before import = 0
Number of asset objects unloaded after import = 6
========================================================================
Received Import Request.
  Time since last request: 56.775623 seconds.
  path: Assets/Visual-Sprites/New Piskel (1).png
  artifactKey: Guid(cd6f0fcd5618ce94faf3cfe70f6a0fcc) Importer(815301076,1909f56bfc062723c751e8b465ee728b)
Start importing Assets/Visual-Sprites/New Piskel (1).png using Guid(cd6f0fcd5618ce94faf3cfe70f6a0fcc) Importer(815301076,1909f56bfc062723c751e8b465ee728b)  -> (artifact id: 'd0a21dcca5f9236034bebed8e5467478') in 0.007055 seconds 
Number of updated asset objects reloaded before import = 0
Number of asset objects unloaded after import = 2
========================================================================
Received Import Request.
  Time since last request: 250.600173 seconds.
  path: Assets/Visual-Sprites/New Piskel (1).png
  artifactKey: Guid(cd6f0fcd5618ce94faf3cfe70f6a0fcc) Importer(815301076,1909f56bfc062723c751e8b465ee728b)
Start importing Assets/Visual-Sprites/New Piskel (1).png using Guid(cd6f0fcd5618ce94faf3cfe70f6a0fcc) Importer(815301076,1909f56bfc062723c751e8b465ee728b)  -> (artifact id: '1976054f8c4a30d93b4e27e050eebcfb') in 0.019253 seconds 
Number of updated asset objects reloaded before import = 0
Number of asset objects unloaded after import = 7
========================================================================
Received Import Request.
  Time since last request: 191.250823 seconds.
  path: Assets/Visual-Sprites/New Piskel (1).png
  artifactKey: Guid(cd6f0fcd5618ce94faf3cfe70f6a0fcc) Importer(815301076,1909f56bfc062723c751e8b465ee728b)
Start importing Assets/Visual-Sprites/New Piskel (1).png using Guid(cd6f0fcd5618ce94faf3cfe70f6a0fcc) Importer(815301076,1909f56bfc062723c751e8b465ee728b)  -> (artifact id: 'a9034b0bfbfcdc515c601fe24c725142') in 0.025980 seconds 
Number of updated asset objects reloaded before import = 0
Number of asset objects unloaded after import = 7
>>>>>>> Feature-Visual:Logs/AssetImportWorker0.log
=======
>>>>>>> Feature-Visual:Logs/AssetImportWorker0.log
